\BOOKMARK [1][-]{section.1}{Author's note}{}% 1
\BOOKMARK [1][-]{section.2}{Introduction}{}% 2
\BOOKMARK [1][-]{section.3}{Construction}{}% 3
\BOOKMARK [2][-]{subsection.3.1}{Ev3}{section.3}% 4
\BOOKMARK [2][-]{subsection.3.2}{Sensors}{section.3}% 5
\BOOKMARK [3][-]{subsubsection.3.2.1}{HighTechinic Gyro Sensor}{subsection.3.2}% 6
\BOOKMARK [3][-]{subsubsection.3.2.2}{HighTechinic Accelerometer Sensor}{subsection.3.2}% 7
\BOOKMARK [3][-]{subsubsection.3.2.3}{AbsoluteIMU-ACG}{subsection.3.2}% 8
\BOOKMARK [2][-]{subsection.3.3}{Reaction wheel}{section.3}% 9
\BOOKMARK [3][-]{subsubsection.3.3.1}{Attachment between the reaction wheel and EV3 Large Motor }{subsection.3.3}% 10
\BOOKMARK [2][-]{subsection.3.4}{Motors}{section.3}% 11
\BOOKMARK [3][-]{subsubsection.3.4.1}{EV3 Large Servo Motor}{subsection.3.4}% 12
\BOOKMARK [2][-]{subsection.3.5}{Prototypes}{section.3}% 13
\BOOKMARK [3][-]{subsubsection.3.5.1}{More details about the prototypes}{subsection.3.5}% 14
\BOOKMARK [1][-]{section.4}{Modeling}{}% 15
\BOOKMARK [2][-]{subsection.4.1}{Lateral Balance}{section.4}% 16
\BOOKMARK [1][-]{section.5}{Implementation}{}% 17
\BOOKMARK [2][-]{subsection.5.1}{Programs}{section.5}% 18
\BOOKMARK [1][-]{section.6}{Results}{}% 19
\BOOKMARK [1][-]{section.7}{Conclusion}{}% 20
\BOOKMARK [1][-]{appendix.A}{Lejos Source Code}{}% 21
\BOOKMARK [2][-]{subsection.A.1}{The main source code}{appendix.A}% 22
\BOOKMARK [2][-]{subsection.A.2}{DataLogger}{appendix.A}% 23
\BOOKMARK [3][-]{subsubsection.A.2.1}{DataLogger Orginal}{subsection.A.2}% 24
\BOOKMARK [3][-]{subsubsection.A.2.2}{DataLogger Modified}{subsection.A.2}% 25
\BOOKMARK [2][-]{subsection.A.3}{The sensor source test codes}{appendix.A}% 26
\BOOKMARK [3][-]{subsubsection.A.3.1}{The gyroscope source test code}{subsection.A.3}% 27
\BOOKMARK [3][-]{subsubsection.A.3.2}{The accelerometer test source code}{subsection.A.3}% 28
\BOOKMARK [3][-]{subsubsection.A.3.3}{The complementary filter source test code}{subsection.A.3}% 29
\BOOKMARK [1][-]{appendix.B}{Design}{}% 30
\BOOKMARK [2][-]{subsection.B.1}{Roll control}{appendix.B}% 31
\BOOKMARK [3][-]{subsubsection.B.1.1}{PDI- control}{subsection.B.1}% 32
\BOOKMARK [3][-]{subsubsection.B.1.2}{The discrete transform}{subsection.B.1}% 33
\BOOKMARK [3][-]{subsubsection.B.1.3}{The model}{subsection.B.1}% 34
\BOOKMARK [3][-]{subsubsection.B.1.4}{Initialize model}{subsection.B.1}% 35
