This is pdfTeX, Version 3.1415926-2.5-1.40.14 (MiKTeX 2.9) (preloaded format=pdflatex 2015.1.11)  11 JAN 2015 15:28
entering extended mode
**Final_report_tmp.tex

("C:\Users\Grivian\Desktop\Projekt i Reglerteknik\FRT090\FRT090\Dokumentation\R
apporter\Final_report\Final_report_tmp.tex"
LaTeX2e <2011/06/27>
Babel <v3.8m> and hyphenation patterns for english, afrikaans, ancientgreek, ar
abic, armenian, assamese, basque, bengali, bokmal, bulgarian, catalan, coptic, 
croatian, czech, danish, dutch, esperanto, estonian, farsi, finnish, french, ga
lician, german, german-x-2013-05-26, greek, gujarati, hindi, hungarian, iceland
ic, indonesian, interlingua, irish, italian, kannada, kurmanji, latin, latvian,
 lithuanian, malayalam, marathi, mongolian, mongolianlmc, monogreek, ngerman, n
german-x-2013-05-26, nynorsk, oriya, panjabi, pinyin, polish, portuguese, roman
ian, russian, sanskrit, serbian, slovak, slovenian, spanish, swedish, swissgerm
an, tamil, telugu, turkish, turkmen, ukenglish, ukrainian, uppersorbian, usengl
ishmax, welsh, loaded.
("C:\Program Files (x86)\MiKTeX 2.9\tex\latex\base\article.cls"
Document Class: article 2007/10/19 v1.4h Standard LaTeX document class
("C:\Program Files (x86)\MiKTeX 2.9\tex\latex\base\size10.clo"
File: size10.clo 2007/10/19 v1.4h Standard LaTeX file (size option)
)
\c@part=\count79
\c@section=\count80
\c@subsection=\count81
\c@subsubsection=\count82
\c@paragraph=\count83
\c@subparagraph=\count84
\c@figure=\count85
\c@table=\count86
\abovecaptionskip=\skip41
\belowcaptionskip=\skip42
\bibindent=\dimen102
)
("C:\Program Files (x86)\MiKTeX 2.9\tex\generic\babel\babel.sty"
Package: babel 2008/07/08 v3.8m The Babel package

*************************************
* Local config file bblopts.cfg used
*
("C:\Program Files (x86)\MiKTeX 2.9\tex\latex\00miktex\bblopts.cfg"
File: bblopts.cfg 2006/07/31 v1.0 MiKTeX 'babel' configuration
)
("C:\Program Files (x86)\MiKTeX 2.9\tex\generic\babel\english.ldf"
Language: english 2005/03/30 v3.3o English support from the babel system

("C:\Program Files (x86)\MiKTeX 2.9\tex\generic\babel\babel.def"
File: babel.def 2008/07/08 v3.8m Babel common definitions
\babel@savecnt=\count87
\U@D=\dimen103
)
\l@canadian = a dialect from \language\l@american 
\l@australian = a dialect from \language\l@british 
\l@newzealand = a dialect from \language\l@british 
))
("C:\Program Files (x86)\MiKTeX 2.9\tex\latex\base\inputenc.sty"
Package: inputenc 2008/03/30 v1.1d Input encoding file
\inpenc@prehook=\toks14
\inpenc@posthook=\toks15

("C:\Program Files (x86)\MiKTeX 2.9\tex\latex\ucs\utf8x.def"
File: utf8x.def 2004/10/17 UCS: Input encoding UTF-8
))
("C:\Program Files (x86)\MiKTeX 2.9\tex\latex\ucs\ucs.sty"
Package: ucs 2013/05/11 v2.2 UCS: Unicode input support

("C:\Program Files (x86)\MiKTeX 2.9\tex\latex\ucs\uni-global.def"
File: uni-global.def 2013/05/13 UCS: Unicode global data
)
\uc@secondtry=\count88
\uc@combtoks=\toks16
\uc@combtoksb=\toks17
\uc@temptokena=\toks18
)
("C:\Program Files (x86)\MiKTeX 2.9\tex\latex\amsmath\amsmath.sty"
Package: amsmath 2013/01/14 v2.14 AMS math features
\@mathmargin=\skip43

For additional information on amsmath, use the `?' option.
("C:\Program Files (x86)\MiKTeX 2.9\tex\latex\amsmath\amstext.sty"
Package: amstext 2000/06/29 v2.01

("C:\Program Files (x86)\MiKTeX 2.9\tex\latex\amsmath\amsgen.sty"
File: amsgen.sty 1999/11/30 v2.0
\@emptytoks=\toks19
\ex@=\dimen104
))
("C:\Program Files (x86)\MiKTeX 2.9\tex\latex\amsmath\amsbsy.sty"
Package: amsbsy 1999/11/29 v1.2d
\pmbraise@=\dimen105
)
("C:\Program Files (x86)\MiKTeX 2.9\tex\latex\amsmath\amsopn.sty"
Package: amsopn 1999/12/14 v2.01 operator names
)
\inf@bad=\count89
LaTeX Info: Redefining \frac on input line 210.
\uproot@=\count90
\leftroot@=\count91
LaTeX Info: Redefining \overline on input line 306.
\classnum@=\count92
\DOTSCASE@=\count93
LaTeX Info: Redefining \ldots on input line 378.
LaTeX Info: Redefining \dots on input line 381.
LaTeX Info: Redefining \cdots on input line 466.
\Mathstrutbox@=\box26
\strutbox@=\box27
\big@size=\dimen106
LaTeX Font Info:    Redeclaring font encoding OML on input line 566.
LaTeX Font Info:    Redeclaring font encoding OMS on input line 567.
\macc@depth=\count94
\c@MaxMatrixCols=\count95
\dotsspace@=\muskip10
\c@parentequation=\count96
\dspbrk@lvl=\count97
\tag@help=\toks20
\row@=\count98
\column@=\count99
\maxfields@=\count100
\andhelp@=\toks21
\eqnshift@=\dimen107
\alignsep@=\dimen108
\tagshift@=\dimen109
\tagwidth@=\dimen110
\totwidth@=\dimen111
\lineht@=\dimen112
\@envbody=\toks22
\multlinegap=\skip44
\multlinetaggap=\skip45
\mathdisplay@stack=\toks23
LaTeX Info: Redefining \[ on input line 2665.
LaTeX Info: Redefining \] on input line 2666.
)
("C:\Program Files (x86)\MiKTeX 2.9\tex\latex\graphics\graphicx.sty"
Package: graphicx 1999/02/16 v1.0f Enhanced LaTeX Graphics (DPC,SPQR)

("C:\Program Files (x86)\MiKTeX 2.9\tex\latex\graphics\keyval.sty"
Package: keyval 1999/03/16 v1.13 key=value parser (DPC)
\KV@toks@=\toks24
)
("C:\Program Files (x86)\MiKTeX 2.9\tex\latex\graphics\graphics.sty"
Package: graphics 2009/02/05 v1.0o Standard LaTeX Graphics (DPC,SPQR)

("C:\Program Files (x86)\MiKTeX 2.9\tex\latex\graphics\trig.sty"
Package: trig 1999/03/16 v1.09 sin cos tan (DPC)
)
("C:\Program Files (x86)\MiKTeX 2.9\tex\latex\00miktex\graphics.cfg"
File: graphics.cfg 2007/01/18 v1.5 graphics configuration of teTeX/TeXLive
)
Package graphics Info: Driver file: pdftex.def on input line 91.

("C:\Program Files (x86)\MiKTeX 2.9\tex\latex\pdftex-def\pdftex.def"
File: pdftex.def 2011/05/27 v0.06d Graphics/color for pdfTeX

("C:\Program Files (x86)\MiKTeX 2.9\tex\generic\oberdiek\infwarerr.sty"
Package: infwarerr 2010/04/08 v1.3 Providing info/warning/error messages (HO)
)
("C:\Program Files (x86)\MiKTeX 2.9\tex\generic\oberdiek\ltxcmds.sty"
Package: ltxcmds 2011/11/09 v1.22 LaTeX kernel commands for general use (HO)
)
\Gread@gobject=\count101
))
\Gin@req@height=\dimen113
\Gin@req@width=\dimen114
)
("C:\Program Files (x86)\MiKTeX 2.9\tex\latex\todonotes\todonotes.sty"
Package: todonotes 2012/07/25 .dtx Todonotes source and documentation.
Package: todonotes 2012/07/25

("C:\Program Files (x86)\MiKTeX 2.9\tex\latex\base\ifthen.sty"
Package: ifthen 2001/05/26 v1.1c Standard LaTeX ifthen package (DPC)
)
("C:\Program Files (x86)\MiKTeX 2.9\tex\latex\xkeyval\xkeyval.sty"
Package: xkeyval 2012/10/14 v2.6b package option processing (HA)

("C:\Program Files (x86)\MiKTeX 2.9\tex\generic\xkeyval\xkeyval.tex"
\XKV@toks=\toks25
\XKV@tempa@toks=\toks26
\XKV@depth=\count102
File: xkeyval.tex 2012/10/14 v2.6b key=value parser (HA)
))
("C:\Program Files (x86)\MiKTeX 2.9\tex\latex\xcolor\xcolor.sty"
Package: xcolor 2007/01/21 v2.11 LaTeX color extensions (UK)

("C:\Program Files (x86)\MiKTeX 2.9\tex\latex\00miktex\color.cfg"
File: color.cfg 2007/01/18 v1.5 color configuration of teTeX/TeXLive
)
Package xcolor Info: Driver file: pdftex.def on input line 225.
Package xcolor Info: Model `cmy' substituted by `cmy0' on input line 1337.
Package xcolor Info: Model `hsb' substituted by `rgb' on input line 1341.
Package xcolor Info: Model `RGB' extended on input line 1353.
Package xcolor Info: Model `HTML' substituted by `rgb' on input line 1355.
Package xcolor Info: Model `Hsb' substituted by `hsb' on input line 1356.
Package xcolor Info: Model `tHsb' substituted by `hsb' on input line 1357.
Package xcolor Info: Model `HSB' substituted by `hsb' on input line 1358.
Package xcolor Info: Model `Gray' substituted by `gray' on input line 1359.
Package xcolor Info: Model `wave' substituted by `hsb' on input line 1360.
)
("C:\Program Files (x86)\MiKTeX 2.9\tex\latex\pgf\frontendlayer\tikz.sty"
("C:\Program Files (x86)\MiKTeX 2.9\tex\latex\pgf\basiclayer\pgf.sty"
("C:\Program Files (x86)\MiKTeX 2.9\tex\latex\pgf\utilities\pgfrcs.sty"
("C:\Program Files (x86)\MiKTeX 2.9\tex\generic\pgf\utilities\pgfutil-common.te
x"
\pgfutil@everybye=\toks27
\pgfutil@tempdima=\dimen115
\pgfutil@tempdimb=\dimen116

("C:\Program Files (x86)\MiKTeX 2.9\tex\generic\pgf\utilities\pgfutil-common-li
sts.tex"))
("C:\Program Files (x86)\MiKTeX 2.9\tex\generic\pgf\utilities\pgfutil-latex.def
"
\pgfutil@abb=\box28
 ("C:\Program Files (x86)\MiKTeX 2.9\tex\latex\ms\everyshi.sty"
Package: everyshi 2001/05/15 v3.00 EveryShipout Package (MS)
))
("C:\Program Files (x86)\MiKTeX 2.9\tex\generic\pgf\utilities\pgfrcs.code.tex"
Package: pgfrcs 2013/12/20 v3.0.0 (rcs-revision 1.28)
))
Package: pgf 2013/12/18 v3.0.0 (rcs-revision 1.14)
 ("C:\Program Files (x86)\MiKTeX 2.9\tex\latex\pgf\basiclayer\pgfcore.sty"
("C:\Program Files (x86)\MiKTeX 2.9\tex\latex\pgf\systemlayer\pgfsys.sty"
("C:\Program Files (x86)\MiKTeX 2.9\tex\generic\pgf\systemlayer\pgfsys.code.tex
"
Package: pgfsys 2013/11/30 v3.0.0 (rcs-revision 1.47)
 ("C:\Program Files (x86)\MiKTeX 2.9\tex\generic\pgf\utilities\pgfkeys.code.tex
"
\pgfkeys@pathtoks=\toks28
\pgfkeys@temptoks=\toks29

("C:\Program Files (x86)\MiKTeX 2.9\tex\generic\pgf\utilities\pgfkeysfiltered.c
ode.tex"
\pgfkeys@tmptoks=\toks30
))
\pgf@x=\dimen117
\pgf@y=\dimen118
\pgf@xa=\dimen119
\pgf@ya=\dimen120
\pgf@xb=\dimen121
\pgf@yb=\dimen122
\pgf@xc=\dimen123
\pgf@yc=\dimen124
\w@pgf@writea=\write3
\r@pgf@reada=\read1
\c@pgf@counta=\count103
\c@pgf@countb=\count104
\c@pgf@countc=\count105
\c@pgf@countd=\count106
\t@pgf@toka=\toks31
\t@pgf@tokb=\toks32
\t@pgf@tokc=\toks33

("C:\Program Files (x86)\MiKTeX 2.9\tex\generic\pgf\systemlayer\pgf.cfg"
File: pgf.cfg 2008/05/14  (rcs-revision 1.7)
)
Driver file for pgf: pgfsys-pdftex.def

("C:\Program Files (x86)\MiKTeX 2.9\tex\generic\pgf\systemlayer\pgfsys-pdftex.d
ef"
File: pgfsys-pdftex.def 2013/07/18  (rcs-revision 1.33)

("C:\Program Files (x86)\MiKTeX 2.9\tex\generic\pgf\systemlayer\pgfsys-common-p
df.def"
File: pgfsys-common-pdf.def 2013/10/10  (rcs-revision 1.13)
)))
("C:\Program Files (x86)\MiKTeX 2.9\tex\generic\pgf\systemlayer\pgfsyssoftpath.
code.tex"
File: pgfsyssoftpath.code.tex 2013/09/09  (rcs-revision 1.9)
\pgfsyssoftpath@smallbuffer@items=\count107
\pgfsyssoftpath@bigbuffer@items=\count108
)
("C:\Program Files (x86)\MiKTeX 2.9\tex\generic\pgf\systemlayer\pgfsysprotocol.
code.tex"
File: pgfsysprotocol.code.tex 2006/10/16  (rcs-revision 1.4)
))
("C:\Program Files (x86)\MiKTeX 2.9\tex\generic\pgf\basiclayer\pgfcore.code.tex
"
Package: pgfcore 2010/04/11 v3.0.0 (rcs-revision 1.7)
 ("C:\Program Files (x86)\MiKTeX 2.9\tex\generic\pgf\math\pgfmath.code.tex"
("C:\Program Files (x86)\MiKTeX 2.9\tex\generic\pgf\math\pgfmathcalc.code.tex"
("C:\Program Files (x86)\MiKTeX 2.9\tex\generic\pgf\math\pgfmathutil.code.tex")
("C:\Program Files (x86)\MiKTeX 2.9\tex\generic\pgf\math\pgfmathparser.code.tex
"
\pgfmath@dimen=\dimen125
\pgfmath@count=\count109
\pgfmath@box=\box29
\pgfmath@toks=\toks34
\pgfmath@stack@operand=\toks35
\pgfmath@stack@operation=\toks36
)
("C:\Program Files (x86)\MiKTeX 2.9\tex\generic\pgf\math\pgfmathfunctions.code.
tex"
("C:\Program Files (x86)\MiKTeX 2.9\tex\generic\pgf\math\pgfmathfunctions.basic
.code.tex")
("C:\Program Files (x86)\MiKTeX 2.9\tex\generic\pgf\math\pgfmathfunctions.trigo
nometric.code.tex")
("C:\Program Files (x86)\MiKTeX 2.9\tex\generic\pgf\math\pgfmathfunctions.rando
m.code.tex")
("C:\Program Files (x86)\MiKTeX 2.9\tex\generic\pgf\math\pgfmathfunctions.compa
rison.code.tex")
("C:\Program Files (x86)\MiKTeX 2.9\tex\generic\pgf\math\pgfmathfunctions.base.
code.tex")
("C:\Program Files (x86)\MiKTeX 2.9\tex\generic\pgf\math\pgfmathfunctions.round
.code.tex")
("C:\Program Files (x86)\MiKTeX 2.9\tex\generic\pgf\math\pgfmathfunctions.misc.
code.tex")
("C:\Program Files (x86)\MiKTeX 2.9\tex\generic\pgf\math\pgfmathfunctions.integ
erarithmetics.code.tex")))
("C:\Program Files (x86)\MiKTeX 2.9\tex\generic\pgf\math\pgfmathfloat.code.tex"
\c@pgfmathroundto@lastzeros=\count110
))
("C:\Program Files (x86)\MiKTeX 2.9\tex\generic\pgf\basiclayer\pgfcorepoints.co
de.tex"
File: pgfcorepoints.code.tex 2013/10/07  (rcs-revision 1.27)
\pgf@picminx=\dimen126
\pgf@picmaxx=\dimen127
\pgf@picminy=\dimen128
\pgf@picmaxy=\dimen129
\pgf@pathminx=\dimen130
\pgf@pathmaxx=\dimen131
\pgf@pathminy=\dimen132
\pgf@pathmaxy=\dimen133
\pgf@xx=\dimen134
\pgf@xy=\dimen135
\pgf@yx=\dimen136
\pgf@yy=\dimen137
\pgf@zx=\dimen138
\pgf@zy=\dimen139
)
("C:\Program Files (x86)\MiKTeX 2.9\tex\generic\pgf\basiclayer\pgfcorepathconst
ruct.code.tex"
File: pgfcorepathconstruct.code.tex 2013/10/07  (rcs-revision 1.29)
\pgf@path@lastx=\dimen140
\pgf@path@lasty=\dimen141
)
("C:\Program Files (x86)\MiKTeX 2.9\tex\generic\pgf\basiclayer\pgfcorepathusage
.code.tex"
File: pgfcorepathusage.code.tex 2013/12/13  (rcs-revision 1.23)
\pgf@shorten@end@additional=\dimen142
\pgf@shorten@start@additional=\dimen143
)
("C:\Program Files (x86)\MiKTeX 2.9\tex\generic\pgf\basiclayer\pgfcorescopes.co
de.tex"
File: pgfcorescopes.code.tex 2013/10/09  (rcs-revision 1.44)
\pgfpic=\box30
\pgf@hbox=\box31
\pgf@layerbox@main=\box32
\pgf@picture@serial@count=\count111
)
("C:\Program Files (x86)\MiKTeX 2.9\tex\generic\pgf\basiclayer\pgfcoregraphicst
ate.code.tex"
File: pgfcoregraphicstate.code.tex 2013/09/19  (rcs-revision 1.11)
\pgflinewidth=\dimen144
)
("C:\Program Files (x86)\MiKTeX 2.9\tex\generic\pgf\basiclayer\pgfcoretransform
ations.code.tex"
File: pgfcoretransformations.code.tex 2013/10/10  (rcs-revision 1.17)
\pgf@pt@x=\dimen145
\pgf@pt@y=\dimen146
\pgf@pt@temp=\dimen147
)
("C:\Program Files (x86)\MiKTeX 2.9\tex\generic\pgf\basiclayer\pgfcorequick.cod
e.tex"
File: pgfcorequick.code.tex 2008/10/09  (rcs-revision 1.3)
)
("C:\Program Files (x86)\MiKTeX 2.9\tex\generic\pgf\basiclayer\pgfcoreobjects.c
ode.tex"
File: pgfcoreobjects.code.tex 2006/10/11  (rcs-revision 1.2)
)
("C:\Program Files (x86)\MiKTeX 2.9\tex\generic\pgf\basiclayer\pgfcorepathproce
ssing.code.tex"
File: pgfcorepathprocessing.code.tex 2013/09/09  (rcs-revision 1.9)
)
("C:\Program Files (x86)\MiKTeX 2.9\tex\generic\pgf\basiclayer\pgfcorearrows.co
de.tex"
File: pgfcorearrows.code.tex 2013/11/07  (rcs-revision 1.40)
\pgfarrowsep=\dimen148
)
("C:\Program Files (x86)\MiKTeX 2.9\tex\generic\pgf\basiclayer\pgfcoreshade.cod
e.tex"
File: pgfcoreshade.code.tex 2013/07/15  (rcs-revision 1.15)
\pgf@max=\dimen149
\pgf@sys@shading@range@num=\count112
)
("C:\Program Files (x86)\MiKTeX 2.9\tex\generic\pgf\basiclayer\pgfcoreimage.cod
e.tex"
File: pgfcoreimage.code.tex 2013/07/15  (rcs-revision 1.18)

("C:\Program Files (x86)\MiKTeX 2.9\tex\generic\pgf\basiclayer\pgfcoreexternal.
code.tex"
File: pgfcoreexternal.code.tex 2013/07/15  (rcs-revision 1.20)
\pgfexternal@startupbox=\box33
))
("C:\Program Files (x86)\MiKTeX 2.9\tex\generic\pgf\basiclayer\pgfcorelayers.co
de.tex"
File: pgfcorelayers.code.tex 2013/07/18  (rcs-revision 1.7)
)
("C:\Program Files (x86)\MiKTeX 2.9\tex\generic\pgf\basiclayer\pgfcoretranspare
ncy.code.tex"
File: pgfcoretransparency.code.tex 2013/09/30  (rcs-revision 1.5)
)
("C:\Program Files (x86)\MiKTeX 2.9\tex\generic\pgf\basiclayer\pgfcorepatterns.
code.tex"
File: pgfcorepatterns.code.tex 2013/11/07  (rcs-revision 1.5)
)))
("C:\Program Files (x86)\MiKTeX 2.9\tex\generic\pgf\modules\pgfmoduleshapes.cod
e.tex"
File: pgfmoduleshapes.code.tex 2013/10/31  (rcs-revision 1.34)
\pgfnodeparttextbox=\box34
)
("C:\Program Files (x86)\MiKTeX 2.9\tex\generic\pgf\modules\pgfmoduleplot.code.
tex"
File: pgfmoduleplot.code.tex 2013/07/31  (rcs-revision 1.12)
)
("C:\Program Files (x86)\MiKTeX 2.9\tex\latex\pgf\compatibility\pgfcomp-version
-0-65.sty"
Package: pgfcomp-version-0-65 2007/07/03 v3.0.0 (rcs-revision 1.7)
\pgf@nodesepstart=\dimen150
\pgf@nodesepend=\dimen151
)
("C:\Program Files (x86)\MiKTeX 2.9\tex\latex\pgf\compatibility\pgfcomp-version
-1-18.sty"
Package: pgfcomp-version-1-18 2007/07/23 v3.0.0 (rcs-revision 1.1)
))
("C:\Program Files (x86)\MiKTeX 2.9\tex\latex\pgf\utilities\pgffor.sty"
("C:\Program Files (x86)\MiKTeX 2.9\tex\latex\pgf\utilities\pgfkeys.sty"
("C:\Program Files (x86)\MiKTeX 2.9\tex\generic\pgf\utilities\pgfkeys.code.tex"
)) ("C:\Program Files (x86)\MiKTeX 2.9\tex\latex\pgf\math\pgfmath.sty"
("C:\Program Files (x86)\MiKTeX 2.9\tex\generic\pgf\math\pgfmath.code.tex"))
("C:\Program Files (x86)\MiKTeX 2.9\tex\generic\pgf\utilities\pgffor.code.tex"
Package: pgffor 2013/12/13 v3.0.0 (rcs-revision 1.25)

("C:\Program Files (x86)\MiKTeX 2.9\tex\generic\pgf\math\pgfmath.code.tex")
\pgffor@iter=\dimen152
\pgffor@skip=\dimen153
\pgffor@stack=\toks37
\pgffor@toks=\toks38
))
("C:\Program Files (x86)\MiKTeX 2.9\tex\generic\pgf\frontendlayer\tikz\tikz.cod
e.tex"
Package: tikz 2013/12/13 v3.0.0 (rcs-revision 1.142)

("C:\Program Files (x86)\MiKTeX 2.9\tex\generic\pgf\libraries\pgflibraryplothan
dlers.code.tex"
File: pgflibraryplothandlers.code.tex 2013/08/31 v3.0.0 (rcs-revision 1.20)
\pgf@plot@mark@count=\count113
\pgfplotmarksize=\dimen154
)
\tikz@lastx=\dimen155
\tikz@lasty=\dimen156
\tikz@lastxsaved=\dimen157
\tikz@lastysaved=\dimen158
\tikzleveldistance=\dimen159
\tikzsiblingdistance=\dimen160
\tikz@figbox=\box35
\tikz@figbox@bg=\box36
\tikz@tempbox=\box37
\tikz@tempbox@bg=\box38
\tikztreelevel=\count114
\tikznumberofchildren=\count115
\tikznumberofcurrentchild=\count116
\tikz@fig@count=\count117

("C:\Program Files (x86)\MiKTeX 2.9\tex\generic\pgf\modules\pgfmodulematrix.cod
e.tex"
File: pgfmodulematrix.code.tex 2013/09/17  (rcs-revision 1.8)
\pgfmatrixcurrentrow=\count118
\pgfmatrixcurrentcolumn=\count119
\pgf@matrix@numberofcolumns=\count120
)
\tikz@expandcount=\count121

("C:\Program Files (x86)\MiKTeX 2.9\tex\generic\pgf\frontendlayer\tikz\librarie
s\tikzlibrarytopaths.code.tex"
File: tikzlibrarytopaths.code.tex 2008/06/17 v3.0.0 (rcs-revision 1.2)
)))
("C:\Program Files (x86)\MiKTeX 2.9\tex\generic\pgf\frontendlayer\tikz\librarie
s\tikzlibrarypositioning.code.tex"
File: tikzlibrarypositioning.code.tex 2008/10/06 v3.0.0 (rcs-revision 1.7)
)
("C:\Program Files (x86)\MiKTeX 2.9\tex\latex\tools\calc.sty"
Package: calc 2007/08/22 v4.3 Infix arithmetic (KKT,FJ)
\calc@Acount=\count122
\calc@Bcount=\count123
\calc@Adimen=\dimen161
\calc@Bdimen=\dimen162
\calc@Askip=\skip46
\calc@Bskip=\skip47
LaTeX Info: Redefining \setlength on input line 76.
LaTeX Info: Redefining \addtolength on input line 77.
\calc@Ccount=\count124
\calc@Cskip=\skip48
)
\c@@todonotes@numberoftodonotes=\count125
)
("C:\Program Files (x86)\MiKTeX 2.9\tex\latex\subfig\subfig.sty"
Package: subfig 2005/06/28 ver: 1.3 subfig package

("C:\Program Files (x86)\MiKTeX 2.9\tex\latex\caption\caption.sty"
Package: caption 2013/05/02 v3.3-89 Customizing captions (AR)

("C:\Program Files (x86)\MiKTeX 2.9\tex\latex\caption\caption3.sty"
Package: caption3 2013/05/02 v1.6-88 caption3 kernel (AR)
Package caption3 Info: TeX engine: e-TeX on input line 57.
\captionmargin=\dimen163
\captionmargin@=\dimen164
\captionwidth=\dimen165
\caption@tempdima=\dimen166
\caption@indent=\dimen167
\caption@parindent=\dimen168
\caption@hangindent=\dimen169
)
\c@ContinuedFloat=\count126
)
\c@KVtest=\count127
\sf@farskip=\skip49
\sf@captopadj=\dimen170
\sf@capskip=\skip50
\sf@nearskip=\skip51
\c@subfigure=\count128
\c@subfigure@save=\count129
\c@lofdepth=\count130
\c@subtable=\count131
\c@subtable@save=\count132
\c@lotdepth=\count133
\sf@top=\skip52
\sf@bottom=\skip53
)
("C:\Program Files (x86)\MiKTeX 2.9\tex\latex\float\float.sty"
Package: float 2001/11/08 v1.3d Float enhancements (AL)
\c@float@type=\count134
\float@exts=\toks39
\float@box=\box39
\@float@everytoks=\toks40
\@floatcapt=\box40
)
("C:\Program Files (x86)\MiKTeX 2.9\tex\latex\hyperref\hyperref.sty"
Package: hyperref 2012/11/06 v6.83m Hypertext links for LaTeX

("C:\Program Files (x86)\MiKTeX 2.9\tex\generic\oberdiek\hobsub-hyperref.sty"
Package: hobsub-hyperref 2012/04/25 v1.12 Bundle oberdiek, subset hyperref (HO)


("C:\Program Files (x86)\MiKTeX 2.9\tex\generic\oberdiek\hobsub-generic.sty"
Package: hobsub-generic 2012/04/25 v1.12 Bundle oberdiek, subset generic (HO)
Package: hobsub 2012/04/25 v1.12 Construct package bundles (HO)
Package hobsub Info: Skipping package `infwarerr' (already loaded).
Package hobsub Info: Skipping package `ltxcmds' (already loaded).
Package: ifluatex 2010/03/01 v1.3 Provides the ifluatex switch (HO)
Package ifluatex Info: LuaTeX not detected.
Package: ifvtex 2010/03/01 v1.5 Detect VTeX and its facilities (HO)
Package ifvtex Info: VTeX not detected.
Package: intcalc 2007/09/27 v1.1 Expandable calculations with integers (HO)
Package: ifpdf 2011/01/30 v2.3 Provides the ifpdf switch (HO)
Package ifpdf Info: pdfTeX in PDF mode is detected.
Package: etexcmds 2011/02/16 v1.5 Avoid name clashes with e-TeX commands (HO)
Package etexcmds Info: Could not find \expanded.
(etexcmds)             That can mean that you are not using pdfTeX 1.50 or
(etexcmds)             that some package has redefined \expanded.
(etexcmds)             In the latter case, load this package earlier.
Package: kvsetkeys 2012/04/25 v1.16 Key value parser (HO)
Package: kvdefinekeys 2011/04/07 v1.3 Define keys (HO)
Package: pdftexcmds 2011/11/29 v0.20 Utility functions of pdfTeX for LuaTeX (HO
)
Package pdftexcmds Info: LuaTeX not detected.
Package pdftexcmds Info: \pdf@primitive is available.
Package pdftexcmds Info: \pdf@ifprimitive is available.
Package pdftexcmds Info: \pdfdraftmode found.
Package: pdfescape 2011/11/25 v1.13 Implements pdfTeX's escape features (HO)
Package: bigintcalc 2012/04/08 v1.3 Expandable calculations on big integers (HO
)
Package: bitset 2011/01/30 v1.1 Handle bit-vector datatype (HO)
Package: uniquecounter 2011/01/30 v1.2 Provide unlimited unique counter (HO)
)
Package hobsub Info: Skipping package `hobsub' (already loaded).
Package: letltxmacro 2010/09/02 v1.4 Let assignment for LaTeX macros (HO)
Package: hopatch 2011/06/24 v1.1 Wrapper for package hooks (HO)
Package: xcolor-patch 2011/01/30 xcolor patch
Package: atveryend 2011/06/30 v1.8 Hooks at the very end of document (HO)
Package atveryend Info: \enddocument detected (standard20110627).
Package: atbegshi 2011/10/05 v1.16 At begin shipout hook (HO)
Package: refcount 2011/10/16 v3.4 Data extraction from label references (HO)
Package: hycolor 2011/01/30 v1.7 Color options for hyperref/bookmark (HO)
)
("C:\Program Files (x86)\MiKTeX 2.9\tex\generic\ifxetex\ifxetex.sty"
Package: ifxetex 2010/09/12 v0.6 Provides ifxetex conditional
)
("C:\Program Files (x86)\MiKTeX 2.9\tex\latex\oberdiek\auxhook.sty"
Package: auxhook 2011/03/04 v1.3 Hooks for auxiliary files (HO)
)
("C:\Program Files (x86)\MiKTeX 2.9\tex\latex\oberdiek\kvoptions.sty"
Package: kvoptions 2011/06/30 v3.11 Key value format for package options (HO)
)
\@linkdim=\dimen171
\Hy@linkcounter=\count135
\Hy@pagecounter=\count136

("C:\Program Files (x86)\MiKTeX 2.9\tex\latex\hyperref\pd1enc.def"
File: pd1enc.def 2012/11/06 v6.83m Hyperref: PDFDocEncoding definition (HO)
)
\Hy@SavedSpaceFactor=\count137

("C:\Program Files (x86)\MiKTeX 2.9\tex\latex\00miktex\hyperref.cfg"
File: hyperref.cfg 2002/06/06 v1.2 hyperref configuration of TeXLive
)
Package hyperref Info: Hyper figures OFF on input line 4443.
Package hyperref Info: Link nesting OFF on input line 4448.
Package hyperref Info: Hyper index ON on input line 4451.
Package hyperref Info: Plain pages OFF on input line 4458.
Package hyperref Info: Backreferencing OFF on input line 4463.
Package hyperref Info: Implicit mode ON; LaTeX internals redefined.
Package hyperref Info: Bookmarks ON on input line 4688.
\c@Hy@tempcnt=\count138

("C:\Program Files (x86)\MiKTeX 2.9\tex\latex\url\url.sty"
\Urlmuskip=\muskip11
Package: url 2013/09/16  ver 3.4  Verb mode for urls, etc.
)
LaTeX Info: Redefining \url on input line 5041.
\XeTeXLinkMargin=\dimen172
\Fld@menulength=\count139
\Field@Width=\dimen173
\Fld@charsize=\dimen174
Package hyperref Info: Hyper figures OFF on input line 6295.
Package hyperref Info: Link nesting OFF on input line 6300.
Package hyperref Info: Hyper index ON on input line 6303.
Package hyperref Info: backreferencing OFF on input line 6310.
Package hyperref Info: Link coloring OFF on input line 6315.
Package hyperref Info: Link coloring with OCG OFF on input line 6320.
Package hyperref Info: PDF/A mode OFF on input line 6325.
LaTeX Info: Redefining \ref on input line 6365.
LaTeX Info: Redefining \pageref on input line 6369.
\Hy@abspage=\count140
\c@Item=\count141
\c@Hfootnote=\count142
)

Package hyperref Message: Driver (autodetected): hpdftex.

("C:\Program Files (x86)\MiKTeX 2.9\tex\latex\hyperref\hpdftex.def"
File: hpdftex.def 2012/11/06 v6.83m Hyperref driver for pdfTeX
\Fld@listcount=\count143
\c@bookmark@seq@number=\count144

("C:\Program Files (x86)\MiKTeX 2.9\tex\latex\oberdiek\rerunfilecheck.sty"
Package: rerunfilecheck 2011/04/15 v1.7 Rerun checks for auxiliary files (HO)
Package uniquecounter Info: New unique counter `rerunfilecheck' on input line 2
82.
)
\Hy@SectionHShift=\skip54
)
("C:\Program Files (x86)\MiKTeX 2.9\tex\latex\listings\listings.sty"
\lst@mode=\count145
\lst@gtempboxa=\box41
\lst@token=\toks41
\lst@length=\count146
\lst@currlwidth=\dimen175
\lst@column=\count147
\lst@pos=\count148
\lst@lostspace=\dimen176
\lst@width=\dimen177
\lst@newlines=\count149
\lst@lineno=\count150
\lst@maxwidth=\dimen178

("C:\Program Files (x86)\MiKTeX 2.9\tex\latex\listings\lstmisc.sty"
File: lstmisc.sty 2014/09/06 1.5e (Carsten Heinz)
\c@lstnumber=\count151
\lst@skipnumbers=\count152
\lst@framebox=\box42
)
("C:\Program Files (x86)\MiKTeX 2.9\tex\latex\listings\listings.cfg"
File: listings.cfg 2014/09/06 1.5e listings configuration
))
Package: listings 2014/09/06 1.5e (Carsten Heinz)

("C:\Program Files (x86)\MiKTeX 2.9\tex\latex\listings\lstlang1.sty"
File: lstlang1.sty 2014/09/06 1.5e listings language file
)
("C:\Users\Grivian\Desktop\Projekt i Reglerteknik\FRT090\FRT090\Dokumentation\R
apporter\Final_report\Final_report_tmp.aux"

LaTeX Warning: Label `equ:inverted_pendulum' multiply defined.


LaTeX Warning: Label `equ:inverted_pendulum' multiply defined.

)
LaTeX Font Info:    Checking defaults for OML/cmm/m/it on input line 81.
LaTeX Font Info:    ... okay on input line 81.
LaTeX Font Info:    Checking defaults for T1/cmr/m/n on input line 81.
LaTeX Font Info:    ... okay on input line 81.
LaTeX Font Info:    Checking defaults for OT1/cmr/m/n on input line 81.
LaTeX Font Info:    ... okay on input line 81.
LaTeX Font Info:    Checking defaults for OMS/cmsy/m/n on input line 81.
LaTeX Font Info:    ... okay on input line 81.
LaTeX Font Info:    Checking defaults for OMX/cmex/m/n on input line 81.
LaTeX Font Info:    ... okay on input line 81.
LaTeX Font Info:    Checking defaults for U/cmr/m/n on input line 81.
LaTeX Font Info:    ... okay on input line 81.
LaTeX Font Info:    Checking defaults for PD1/pdf/m/n on input line 81.
LaTeX Font Info:    ... okay on input line 81.
 ("C:\Program Files (x86)\MiKTeX 2.9\tex\latex\ucs\ucsencs.def"
File: ucsencs.def 2011/01/21 Fixes to fontencodings LGR, T3
)
("C:\Program Files (x86)\MiKTeX 2.9\tex\context\base\supp-pdf.mkii"
[Loading MPS to PDF converter (version 2006.09.02).]
\scratchcounter=\count153
\scratchdimen=\dimen179
\scratchbox=\box43
\nofMPsegments=\count154
\nofMParguments=\count155
\everyMPshowfont=\toks42
\MPscratchCnt=\count156
\MPscratchDim=\dimen180
\MPnumerator=\count157
\makeMPintoPDFobject=\count158
\everyMPtoPDFconversion=\toks43
) ABD: EveryShipout initializing macros
Package caption Info: Begin \AtBeginDocument code.
Package caption Info: subfig package v1.3 is loaded.
Package caption Info: float package is loaded.
Package caption Info: hyperref package is loaded.
Package caption Info: listings package is loaded.
Package caption Info: End \AtBeginDocument code.
\AtBeginShipoutBox=\box44
Package hyperref Info: Link coloring OFF on input line 81.

("C:\Program Files (x86)\MiKTeX 2.9\tex\latex\hyperref\nameref.sty"
Package: nameref 2012/10/27 v2.43 Cross-referencing by name of section

("C:\Program Files (x86)\MiKTeX 2.9\tex\generic\oberdiek\gettitlestring.sty"
Package: gettitlestring 2010/12/03 v1.4 Cleanup title references (HO)
)
\c@section@level=\count159
)
LaTeX Info: Redefining \ref on input line 81.
LaTeX Info: Redefining \pageref on input line 81.
LaTeX Info: Redefining \nameref on input line 81.

("C:\Users\Grivian\Desktop\Projekt i Reglerteknik\FRT090\FRT090\Dokumentation\R
apporter\Final_report\Final_report_tmp.out")
("C:\Users\Grivian\Desktop\Projekt i Reglerteknik\FRT090\FRT090\Dokumentation\R
apporter\Final_report\Final_report_tmp.out")
\@outlinefile=\write4
\c@lstlisting=\count160

("C:\Users\Grivian\Desktop\Projekt i Reglerteknik\FRT090\FRT090\Dokumentation\R
apporter\Final_report\Final_report_tmp.toc" [1

{C:/ProgramData/MiKTeX/2.9/pdftex/config/pdftex.map}])
\tf@toc=\write5
 <ev3_platform.jpg, id=170, 245.718pt x 248.8497pt>
File: ev3_platform.jpg Graphic file (type jpg)

<use ev3_platform.jpg>
Package pdftex.def Info: ev3_platform.jpg used on input line 141.
(pdftex.def)             Requested size: 68.99928pt x 119.59837pt.


LaTeX Warning: `h' float specifier changed to `ht'.

[2] <NXT_Gyro_Sensor.jpg, id=185, 212.795pt x 154.5775pt>
File: NXT_Gyro_Sensor.jpg Graphic file (type jpg)

<use NXT_Gyro_Sensor.jpg>
Package pdftex.def Info: NXT_Gyro_Sensor.jpg used on input line 174.
(pdftex.def)             Requested size: 103.50105pt x 75.18462pt.

<plot_gyro_test_final_20150107.jpg, id=186, 561.09625pt x 420.57124pt>
File: plot_gyro_test_final_20150107.jpg Graphic file (type jpg)

<use plot_gyro_test_final_20150107.jpg>
Package pdftex.def Info: plot_gyro_test_final_20150107.jpg used on input line 1
81.
(pdftex.def)             Requested size: 448.50105pt x 336.1751pt.

Overfull \hbox (103.50105pt too wide) in paragraph at lines 181--182
 [][] 
 []


LaTeX Warning: `h' float specifier changed to `ht'.

[3 <C:/Users/Grivian/Desktop/Projekt i Reglerteknik/FRT090/FRT090/Dokumentation
/Rapporter/Final_report/ev3_platform.jpg> <C:/Users/Grivian/Desktop/Projekt i R
eglerteknik/FRT090/FRT090/Dokumentation/Rapporter/Final_report/NXT_Gyro_Sensor.
jpg>]
File: NXT_Gyro_Sensor.jpg Graphic file (type jpg)
 <use NXT_Gyro_Sensor.jpg>
Package pdftex.def Info: NXT_Gyro_Sensor.jpg used on input line 208.
(pdftex.def)             Requested size: 103.50105pt x 75.18462pt.


LaTeX Warning: `h' float specifier changed to `ht'.

<plot_acce_refresh_time_20150107.jpg, id=199, 561.09625pt x 420.57124pt>
File: plot_acce_refresh_time_20150107.jpg Graphic file (type jpg)

<use plot_acce_refresh_time_20150107.jpg>
Package pdftex.def Info: plot_acce_refresh_time_20150107.jpg used on input line
 215.
(pdftex.def)             Requested size: 448.50105pt x 336.1751pt.

Overfull \hbox (103.50105pt too wide) in paragraph at lines 215--216
 [][] 
 []


LaTeX Warning: `h' float specifier changed to `ht'.

[4 <C:/Users/Grivian/Desktop/Projekt i Reglerteknik/FRT090/FRT090/Dokumentation
/Rapporter/Final_report/plot_gyro_test_final_20150107.jpg>] [5 <C:/Users/Grivia
n/Desktop/Projekt i Reglerteknik/FRT090/FRT090/Dokumentation/Rapporter/Final_re
port/plot_acce_refresh_time_20150107.jpg>]
<plot_data_UMI_sen_0_20150103.jpg, id=215, 561.09625pt x 420.57124pt>
File: plot_data_UMI_sen_0_20150103.jpg Graphic file (type jpg)

<use plot_data_UMI_sen_0_20150103.jpg>
Package pdftex.def Info: plot_data_UMI_sen_0_20150103.jpg used on input line 22
9.
(pdftex.def)             Requested size: 448.50105pt x 336.1751pt.

Overfull \hbox (103.50105pt too wide) in paragraph at lines 229--230
 [][] 
 []

<plot_data_UMI_sen_4_20150107.jpg, id=216, 561.09625pt x 420.57124pt>
File: plot_data_UMI_sen_4_20150107.jpg Graphic file (type jpg)

<use plot_data_UMI_sen_4_20150107.jpg>
Package pdftex.def Info: plot_data_UMI_sen_4_20150107.jpg used on input line 23
6.
(pdftex.def)             Requested size: 448.50105pt x 336.1751pt.

Overfull \hbox (103.50105pt too wide) in paragraph at lines 236--237
 [][] 
 []


LaTeX Warning: `h' float specifier changed to `ht'.

[6 <C:/Users/Grivian/Desktop/Projekt i Reglerteknik/FRT090/FRT090/Dokumentation
/Rapporter/Final_report/plot_data_UMI_sen_0_20150103.jpg>]
<reaction_wheel_initial_design.pdf, id=231, 3666.26868pt x 3285.41711pt>
File: reaction_wheel_initial_design.pdf Graphic file (type pdf)

<use reaction_wheel_initial_design.pdf>
Package pdftex.def Info: reaction_wheel_initial_design.pdf used on input line 2
65.
(pdftex.def)             Requested size: 172.47128pt x 172.45189pt.


LaTeX Warning: `h' float specifier changed to `ht'.


LaTeX Warning: `h' float specifier changed to `ht'.

<reaction_wheel_endproduct_picture.jpg, id=232, 583.17876pt x 1035.87pt>
File: reaction_wheel_endproduct_picture.jpg Graphic file (type jpg)

<use reaction_wheel_endproduct_picture.jpg>
Package pdftex.def Info: reaction_wheel_endproduct_picture.jpg used on input li
ne 286.
(pdftex.def)             Requested size: 241.49855pt x 241.48534pt.


LaTeX Warning: `h' float specifier changed to `ht'.

[7 <C:/Users/Grivian/Desktop/Projekt i Reglerteknik/FRT090/FRT090/Dokumentation
/Rapporter/Final_report/plot_data_UMI_sen_4_20150107.jpg>]
<attachment_pattern_EV3_Large_Motor.jpg, id=244, 583.17876pt x 1035.87pt>
File: attachment_pattern_EV3_Large_Motor.jpg Graphic file (type jpg)

<use attachment_pattern_EV3_Large_Motor.jpg>
Package pdftex.def Info: attachment_pattern_EV3_Large_Motor.jpg used on input l
ine 306.
(pdftex.def)             Requested size: 103.50105pt x 183.84055pt.


LaTeX Warning: `h' float specifier changed to `ht'.

<reaction_wheel_attachment_end_product.jpg, id=245, 583.17876pt x 1035.87pt>
File: reaction_wheel_attachment_end_product.jpg Graphic file (type jpg)

<use reaction_wheel_attachment_end_product.jpg>
Package pdftex.def Info: reaction_wheel_attachment_end_product.jpg used on inpu
t line 315.
(pdftex.def)             Requested size: 172.49896pt x 299.00366pt.


LaTeX Warning: `h' float specifier changed to `ht'.

[8 <C:/Users/Grivian/Desktop/Projekt i Reglerteknik/FRT090/FRT090/Dokumentation
/Rapporter/Final_report/reaction_wheel_initial_design.pdf>]
<plot_torque_versus_power_20151207.jpg, id=256, 560.0925pt x 420.57124pt>
File: plot_torque_versus_power_20151207.jpg Graphic file (type jpg)

<use plot_torque_versus_power_20151207.jpg>
Package pdftex.def Info: plot_torque_versus_power_20151207.jpg used on input li
ne 330.
(pdftex.def)             Requested size: 448.50105pt x 336.79115pt.

Overfull \hbox (103.50105pt too wide) in paragraph at lines 330--331
 [][] 
 []

[9 <C:/Users/Grivian/Desktop/Projekt i Reglerteknik/FRT090/FRT090/Dokumentation
/Rapporter/Final_report/reaction_wheel_endproduct_picture.jpg> <C:/Users/Grivia
n/Desktop/Projekt i Reglerteknik/FRT090/FRT090/Dokumentation/Rapporter/Final_re
port/attachment_pattern_EV3_Large_Motor.jpg>]

LaTeX Warning: `h' float specifier changed to `ht'.

[10 <C:/Users/Grivian/Desktop/Projekt i Reglerteknik/FRT090/FRT090/Dokumentatio
n/Rapporter/Final_report/reaction_wheel_attachment_end_product.jpg>] [11 <C:/Us
ers/Grivian/Desktop/Projekt i Reglerteknik/FRT090/FRT090/Dokumentation/Rapporte
r/Final_report/plot_torque_versus_power_20151207.jpg>]
<prototype_1_a.jpg, id=278, 963.6pt x 1284.8pt>
File: prototype_1_a.jpg Graphic file (type jpg)
 <use prototype_1_a.jpg>
Package pdftex.def Info: prototype_1_a.jpg used on input line 364.
(pdftex.def)             Requested size: 103.49675pt x 119.5871pt.

<prototype_1_b.jpg, id=279, 963.6pt x 1284.8pt>
File: prototype_1_b.jpg Graphic file (type jpg)
 <use prototype_1_b.jpg>
Package pdftex.def Info: prototype_1_b.jpg used on input line 365.
(pdftex.def)             Requested size: 103.49675pt x 119.5871pt.

<prototype_1_c.jpg, id=280, 963.6pt x 1284.8pt>
File: prototype_1_c.jpg Graphic file (type jpg)
 <use prototype_1_c.jpg>
Package pdftex.def Info: prototype_1_c.jpg used on input line 366.
(pdftex.def)             Requested size: 103.49675pt x 119.5871pt.

<prototype_1_d.jpg, id=281, 963.6pt x 1284.8pt>
File: prototype_1_d.jpg Graphic file (type jpg)
 <use prototype_1_d.jpg>
Package pdftex.def Info: prototype_1_d.jpg used on input line 367.
(pdftex.def)             Requested size: 103.49675pt x 119.5871pt.

<prototype_1_e.jpg, id=282, 963.6pt x 1284.8pt>
File: prototype_1_e.jpg Graphic file (type jpg)
 <use prototype_1_e.jpg>
Package pdftex.def Info: prototype_1_e.jpg used on input line 368.
(pdftex.def)             Requested size: 103.49675pt x 119.5871pt.

<prototype_1_f.jpg, id=283, 1284.8pt x 963.6pt>
File: prototype_1_f.jpg Graphic file (type jpg)
 <use prototype_1_f.jpg>
Package pdftex.def Info: prototype_1_f.jpg used on input line 369.
(pdftex.def)             Requested size: 103.49185pt x 119.59691pt.

Overfull \hbox (62.22289pt too wide) in paragraph at lines 374--387
[][] 
 []


Overfull \hbox (20.77843pt too wide) in paragraph at lines 393--406
[][] 
 []


LaTeX Warning: `h' float specifier changed to `ht'.

<prototype_2_a.jpg, id=286, 963.6pt x 1284.8pt>
File: prototype_2_a.jpg Graphic file (type jpg)
 <use prototype_2_a.jpg>
Package pdftex.def Info: prototype_2_a.jpg used on input line 414.
(pdftex.def)             Requested size: 120.74376pt x 149.48389pt.

<prototype_2_b.jpg, id=287, 583.17876pt x 1035.87pt>
File: prototype_2_b.jpg Graphic file (type jpg)
 <use prototype_2_b.jpg>
Package pdftex.def Info: prototype_2_b.jpg used on input line 415.
(pdftex.def)             Requested size: 120.74483pt x 149.49393pt.

<prototype_2_c.jpg, id=288, 583.17876pt x 1035.87pt>
File: prototype_2_c.jpg Graphic file (type jpg)
 <use prototype_2_c.jpg>
Package pdftex.def Info: prototype_2_c.jpg used on input line 416.
(pdftex.def)             Requested size: 120.74483pt x 149.49393pt.

Overfull \hbox (17.23341pt too wide) in paragraph at lines 414--417
[][][][][][] 
 []


LaTeX Warning: `h' float specifier changed to `ht'.

<prototype_3_a.jpg, id=289, 583.17876pt x 1035.87pt>
File: prototype_3_a.jpg Graphic file (type jpg)
 <use prototype_3_a.jpg>
Package pdftex.def Info: prototype_3_a.jpg used on input line 422.
(pdftex.def)             Requested size: 172.49896pt x 299.00366pt.


LaTeX Warning: `h' float specifier changed to `ht'.

<prototype_4_a.jpg, id=290, 583.17876pt x 1035.87pt>
File: prototype_4_a.jpg Graphic file (type jpg)
 <use prototype_4_a.jpg>
Package pdftex.def Info: prototype_4_a.jpg used on input line 428.
(pdftex.def)             Requested size: 120.74483pt x 179.39903pt.

<prototype_4_b.jpg, id=291, 583.17876pt x 1035.87pt>
File: prototype_4_b.jpg Graphic file (type jpg)
 <use prototype_4_b.jpg>
Package pdftex.def Info: prototype_4_b.jpg used on input line 429.
(pdftex.def)             Requested size: 120.74483pt x 179.39903pt.


LaTeX Warning: `h' float specifier changed to `ht'.

[12 <C:/Users/Grivian/Desktop/Projekt i Reglerteknik/FRT090/FRT090/Dokumentatio
n/Rapporter/Final_report/prototype_1_a.jpg> <C:/Users/Grivian/Desktop/Projekt i
 Reglerteknik/FRT090/FRT090/Dokumentation/Rapporter/Final_report/prototype_1_b.
jpg> <C:/Users/Grivian/Desktop/Projekt i Reglerteknik/FRT090/FRT090/Dokumentati
on/Rapporter/Final_report/prototype_1_c.jpg> <C:/Users/Grivian/Desktop/Projekt 
i Reglerteknik/FRT090/FRT090/Dokumentation/Rapporter/Final_report/prototype_1_d
.jpg> <C:/Users/Grivian/Desktop/Projekt i Reglerteknik/FRT090/FRT090/Dokumentat
ion/Rapporter/Final_report/prototype_1_e.jpg> <C:/Users/Grivian/Desktop/Projekt
 i Reglerteknik/FRT090/FRT090/Dokumentation/Rapporter/Final_report/prototype_1_
f.jpg>] [13 <C:/Users/Grivian/Desktop/Projekt i Reglerteknik/FRT090/FRT090/Doku
mentation/Rapporter/Final_report/prototype_2_a.jpg> <C:/Users/Grivian/Desktop/P
rojekt i Reglerteknik/FRT090/FRT090/Dokumentation/Rapporter/Final_report/protot
ype_2_b.jpg> <C:/Users/Grivian/Desktop/Projekt i Reglerteknik/FRT090/FRT090/Dok
umentation/Rapporter/Final_report/prototype_2_c.jpg>] [14 <C:/Users/Grivian/Des
ktop/Projekt i Reglerteknik/FRT090/FRT090/Dokumentation/Rapporter/Final_report/
prototype_3_a.jpg> <C:/Users/Grivian/Desktop/Projekt i Reglerteknik/FRT090/FRT0
90/Dokumentation/Rapporter/Final_report/prototype_4_a.jpg> <C:/Users/Grivian/De
sktop/Projekt i Reglerteknik/FRT090/FRT090/Dokumentation/Rapporter/Final_report
/prototype_4_b.jpg>]
<Inverted_pedulum_2.jpg, id=322, 575.14874pt x 539.01375pt>
File: Inverted_pedulum_2.jpg Graphic file (type jpg)

<use Inverted_pedulum_2.jpg>
Package pdftex.def Info: Inverted_pedulum_2.jpg used on input line 457.
(pdftex.def)             Requested size: 241.49895pt x 226.32664pt.
 [15

 <C:/Users/Grivian/Desktop/Projekt i Reglerteknik/FRT090/FRT090/Dokumentation/R
apporter/Final_report/Inverted_pedulum_2.jpg>]
Underfull \hbox (badness 10000) in paragraph at lines 491--494

 []

[16]
("C:\Users\Grivian\Desktop\Projekt i Reglerteknik\FRT090\FRT090\Dokumentation\R
apporter\Final_report\Final_report_tmp.bbl"
Underfull \hbox (badness 10000) in paragraph at lines 9--12
[]\OT1/cmr/m/n/10 Ev3 large servo mo-tor.  []$\OT1/cmtt/m/n/10 http : / / shop 
. lego . com / en-[]US /$
 []

[17]) [18]
Package atveryend Info: Empty hook `BeforeClearDocument' on input line 563.
Package atveryend Info: Empty hook `AfterLastShipout' on input line 563.

("C:\Users\Grivian\Desktop\Projekt i Reglerteknik\FRT090\FRT090\Dokumentation\R
apporter\Final_report\Final_report_tmp.aux")
Package atveryend Info: Executing hook `AtVeryEndDocument' on input line 563.
Package atveryend Info: Executing hook `AtEndAfterFileList' on input line 563.
Package rerunfilecheck Info: File `Final_report_tmp.out' has not changed.
(rerunfilecheck)             Checksum: 2967CBCD30C4C080C621835FA5E9610B;1892.


LaTeX Warning: There were multiply-defined labels.

Package atveryend Info: Empty hook `AtVeryVeryEnd' on input line 563.
 ) 
Here is how much of TeX's memory you used:
 19214 strings out of 493921
 356169 string characters out of 3144870
 455719 words of memory out of 3000000
 22066 multiletter control sequences out of 15000+200000
 9798 words of font info for 36 fonts, out of 3000000 for 9000
 841 hyphenation exceptions out of 8191
 62i,10n,96p,1420b,504s stack positions out of 5000i,500n,10000p,200000b,50000s
<C:/Program Files (x86)/MiKTeX 2.9/fonts/type1/public/amsfonts/cm/cmbx10.pfb>
<C:/Program Files (x86)/MiKTeX 2.9/fonts/type1/public/amsfonts/cm/cmbx12.pfb><C
:/Program Files (x86)/MiKTeX 2.9/fonts/type1/public/amsfonts/cm/cmbx9.pfb><C:/P
rogram Files (x86)/MiKTeX 2.9/fonts/type1/public/amsfonts/cm/cmex10.pfb><C:/Pro
gram Files (x86)/MiKTeX 2.9/fonts/type1/public/amsfonts/cm/cmmi10.pfb><C:/Progr
am Files (x86)/MiKTeX 2.9/fonts/type1/public/amsfonts/cm/cmmi5.pfb><C:/Program 
Files (x86)/MiKTeX 2.9/fonts/type1/public/amsfonts/cm/cmmi7.pfb><C:/Program Fil
es (x86)/MiKTeX 2.9/fonts/type1/public/amsfonts/cm/cmr10.pfb><C:/Program Files 
(x86)/MiKTeX 2.9/fonts/type1/public/amsfonts/cm/cmr12.pfb><C:/Program Files (x8
6)/MiKTeX 2.9/fonts/type1/public/amsfonts/cm/cmr17.pfb><C:/Program Files (x86)/
MiKTeX 2.9/fonts/type1/public/amsfonts/cm/cmr5.pfb><C:/Program Files (x86)/MiKT
eX 2.9/fonts/type1/public/amsfonts/cm/cmr7.pfb><C:/Program Files (x86)/MiKTeX 2
.9/fonts/type1/public/amsfonts/cm/cmr8.pfb><C:/Program Files (x86)/MiKTeX 2.9/f
onts/type1/public/amsfonts/cm/cmr9.pfb><C:/Program Files (x86)/MiKTeX 2.9/fonts
/type1/public/amsfonts/cm/cmsy10.pfb><C:/Program Files (x86)/MiKTeX 2.9/fonts/t
ype1/public/amsfonts/cm/cmtt10.pfb>
Output written on Final_report_tmp.pdf (18 pages, 3469921 bytes).
PDF statistics:
 436 PDF objects out of 1000 (max. 8388607)
 97 named destinations out of 1000 (max. 500000)
 365 words of extra memory for PDF output out of 10000 (max. 10000000)

